[0mGET / [36m304 [0m700.602 ms - -[0m
[0mGET /stylesheets/style.css [36m304 [0m4.096 ms - -[0m
[0mGET / [36m304 [0m53.653 ms - -[0m
[0mGET /stylesheets/style.css [36m304 [0m1.293 ms - -[0m
[0mGET / [36m304 [0m53.956 ms - -[0m
[0mGET /stylesheets/style.css [36m304 [0m1.120 ms - -[0m
[0mGET http://yazoodle.net/azenv.php [33m404 [0m39.252 ms - 1162[0m
[0mGET http://www.anonymousproxylist.net/azenv2.php [33m404 [0m38.867 ms - 1162[0m
[0mGET / [36m304 [0m39.220 ms - -[0m
[0mGET /stylesheets/style.css [36m304 [0m1.052 ms - -[0m
[0mGET /manager/html [33m404 [0m19.662 ms - 1162[0m
[0mGET / [36m304 [0m39.707 ms - -[0m
[0mGET /stylesheets/style.css [36m304 [0m0.856 ms - -[0m
[0mGET / [36m304 [0m42.381 ms - -[0m
[0mGET /stylesheets/style.css [36m304 [0m0.844 ms - -[0m
{ projectName: 'atom/atom', inputCheckbox: '1' }
resultat: 

...
...
...
...
...
...
...
...
...
...
...
...
Open 28 Closed 1163 Ratio 0.02407566638005159
[0mPOST / [32m200 [0m32285.479 ms - 814[0m
[0mGET /stylesheets/style.css [36m304 [0m1.451 ms - -[0m
